<?xml version="1.0" encoding="UTF-8"?>
<!-- Generated by org.testng.reporters.JUnitReportReporter -->
<testsuite skipped="0" hostname="RohitKumar-PC" name="com.demo.automation.testcases.PurchaseTest" tests="1" failures="0" timestamp="27 Aug 2018 07:04:53 GMT" time="43.406" errors="0">
  <testcase name="purchaseMagicMouse" time="43.406" classname="com.demo.automation.testcases.PurchaseTest"/>
</testsuite> <!-- com.demo.automation.testcases.PurchaseTest -->
