<?xml version="1.0" encoding="UTF-8"?>
<!-- Generated by org.testng.reporters.JUnitReportReporter -->
<testsuite skipped="0" hostname="RohitKumar-PC" name="com.demo.automation.testcases.PurchaseTest" tests="1" failures="0" timestamp="27 Aug 2018 15:12:40 GMT" time="35.193" errors="0">
  <testcase name="purchaseMagicMouse" time="35.193" classname="com.demo.automation.testcases.PurchaseTest"/>
</testsuite> <!-- com.demo.automation.testcases.PurchaseTest -->
