<?xml version="1.0" encoding="UTF-8"?>
<!-- Generated by org.testng.reporters.JUnitReportReporter -->
<testsuite skipped="0" hostname="RohitKumar-PC" name="TestCases.MagicMouseTest" tests="1" failures="0" timestamp="24 Aug 2018 07:10:13 GMT" time="36.889" errors="0">
  <testcase name="PurchaseMagicMouse" time="36.889" classname="TestCases.MagicMouseTest"/>
</testsuite> <!-- TestCases.MagicMouseTest -->
